<?xml version="1.0" encoding="UTF-8"?>
<!-- Generated by org.testng.reporters.JUnitReportReporter -->
<testsuite hostname="Arete-GFF00J3" failures="0" tests="1" name="DataDriven_Framework.Datadriven.dataProvider" time="39.717" errors="0" timestamp="2023-01-19T10:23:18 IST" skipped="0">
  <testcase classname="DataDriven_Framework.Datadriven.dataProvider" name="run" time="39.717"/>
  <system-out/>
</testsuite> <!-- DataDriven_Framework.Datadriven.dataProvider -->
