<?xml version="1.0" encoding="UTF-8"?>
<!-- Generated by org.testng.reporters.JUnitReportReporter -->
<testsuite hostname="Arete-GFF00J3" failures="0" tests="2" name="DataDriven_Framework.Datadriven.DataProvider_HashMap" time="73.406" errors="0" timestamp="2023-01-19T10:42:12 IST" skipped="0">
  <testcase classname="DataDriven_Framework.Datadriven.DataProvider_HashMap" name="run" time="35.342"/>
  <system-out/>
  <testcase classname="DataDriven_Framework.Datadriven.DataProvider_HashMap" name="run" time="38.064"/>
  <system-out/>
</testsuite> <!-- DataDriven_Framework.Datadriven.DataProvider_HashMap -->
